<?xml version="1.0" encoding="UTF-8" standalone="no"?>
<!DOCTYPE log SYSTEM "logger.dtd">
<log>
<record>
  <date>2012-12-26T15:30:36</date>
  <millis>1356553836193</millis>
  <sequence>0</sequence>
  <logger>com.isolux.dao.modbus.DAOJamod</logger>
  <level>SEVERE</level>
  <class>com.isolux.dao.modbus.DAOJamod</class>
  <method>testConnection</method>
  <thread>19</thread>
  <message>No se pudo conectar</message>
  <exception>
    <message>java.net.ConnectException: Connection timed out: connect</message>
    <frame>
      <class>java.net.DualStackPlainSocketImpl</class>
      <method>connect0</method>
    </frame>
    <frame>
      <class>java.net.DualStackPlainSocketImpl</class>
      <method>socketConnect</method>
      <line>69</line>
    </frame>
    <frame>
      <class>java.net.AbstractPlainSocketImpl</class>
      <method>doConnect</method>
      <line>339</line>
    </frame>
    <frame>
      <class>java.net.AbstractPlainSocketImpl</class>
      <method>connectToAddress</method>
      <line>200</line>
    </frame>
    <frame>
      <class>java.net.AbstractPlainSocketImpl</class>
      <method>connect</method>
      <line>182</line>
    </frame>
    <frame>
      <class>java.net.PlainSocketImpl</class>
      <method>connect</method>
      <line>157</line>
    </frame>
    <frame>
      <class>java.net.SocksSocketImpl</class>
      <method>connect</method>
      <line>391</line>
    </frame>
    <frame>
      <class>java.net.Socket</class>
      <method>connect</method>
      <line>579</line>
    </frame>
    <frame>
      <class>java.net.Socket</class>
      <method>connect</method>
      <line>528</line>
    </frame>
    <frame>
      <class>java.net.Socket</class>
      <method>&lt;init&gt;</method>
      <line>425</line>
    </frame>
    <frame>
      <class>java.net.Socket</class>
      <method>&lt;init&gt;</method>
      <line>241</line>
    </frame>
    <frame>
      <class>net.wimpi.modbus.net.TCPMasterConnection</class>
      <method>connect</method>
      <line>65</line>
    </frame>
    <frame>
      <class>com.isolux.dao.modbus.DAOJamod</class>
      <method>testConnection</method>
      <line>375</line>
    </frame>
    <frame>
      <class>com.isolux.view.Inicio</class>
      <method>conectar</method>
      <line>302</line>
    </frame>
    <frame>
      <class>com.isolux.view.Inicio</class>
      <method>access$400</method>
      <line>29</line>
    </frame>
    <frame>
      <class>com.isolux.view.Inicio$Conectar</class>
      <method>doInBackground</method>
      <line>350</line>
    </frame>
    <frame>
      <class>com.isolux.view.Inicio$Conectar</class>
      <method>doInBackground</method>
      <line>346</line>
    </frame>
    <frame>
      <class>javax.swing.SwingWorker$1</class>
      <method>call</method>
      <line>296</line>
    </frame>
    <frame>
      <class>java.util.concurrent.FutureTask$Sync</class>
      <method>innerRun</method>
      <line>334</line>
    </frame>
    <frame>
      <class>java.util.concurrent.FutureTask</class>
      <method>run</method>
      <line>166</line>
    </frame>
    <frame>
      <class>javax.swing.SwingWorker</class>
      <method>run</method>
      <line>335</line>
    </frame>
    <frame>
      <class>java.util.concurrent.ThreadPoolExecutor</class>
      <method>runWorker</method>
      <line>1110</line>
    </frame>
    <frame>
      <class>java.util.concurrent.ThreadPoolExecutor$Worker</class>
      <method>run</method>
      <line>603</line>
    </frame>
    <frame>
      <class>java.lang.Thread</class>
      <method>run</method>
      <line>722</line>
    </frame>
  </exception>
</record>
<record>
  <date>2012-12-26T15:45:19</date>
  <millis>1356554719426</millis>
  <sequence>1</sequence>
  <logger>com.isolux.dao.modbus.DAOJamod</logger>
  <level>SEVERE</level>
  <class>com.isolux.dao.modbus.DAOJamod</class>
  <method>testConnection</method>
  <thread>21</thread>
  <message>No se pudo conectar</message>
  <exception>
    <message>java.net.ConnectException: Connection timed out: connect</message>
    <frame>
      <class>java.net.DualStackPlainSocketImpl</class>
      <method>connect0</method>
    </frame>
    <frame>
      <class>java.net.DualStackPlainSocketImpl</class>
      <method>socketConnect</method>
      <line>69</line>
    </frame>
    <frame>
      <class>java.net.AbstractPlainSocketImpl</class>
      <method>doConnect</method>
      <line>339</line>
    </frame>
    <frame>
      <class>java.net.AbstractPlainSocketImpl</class>
      <method>connectToAddress</method>
      <line>200</line>
    </frame>
    <frame>
      <class>java.net.AbstractPlainSocketImpl</class>
      <method>connect</method>
      <line>182</line>
    </frame>
    <frame>
      <class>java.net.PlainSocketImpl</class>
      <method>connect</method>
      <line>157</line>
    </frame>
    <frame>
      <class>java.net.SocksSocketImpl</class>
      <method>connect</method>
      <line>391</line>
    </frame>
    <frame>
      <class>java.net.Socket</class>
      <method>connect</method>
      <line>579</line>
    </frame>
    <frame>
      <class>java.net.Socket</class>
      <method>connect</method>
      <line>528</line>
    </frame>
    <frame>
      <class>java.net.Socket</class>
      <method>&lt;init&gt;</method>
      <line>425</line>
    </frame>
    <frame>
      <class>java.net.Socket</class>
      <method>&lt;init&gt;</method>
      <line>241</line>
    </frame>
    <frame>
      <class>net.wimpi.modbus.net.TCPMasterConnection</class>
      <method>connect</method>
      <line>65</line>
    </frame>
    <frame>
      <class>com.isolux.dao.modbus.DAOJamod</class>
      <method>testConnection</method>
      <line>375</line>
    </frame>
    <frame>
      <class>com.isolux.view.Inicio</class>
      <method>conectar</method>
      <line>302</line>
    </frame>
    <frame>
      <class>com.isolux.view.Inicio</class>
      <method>access$400</method>
      <line>29</line>
    </frame>
    <frame>
      <class>com.isolux.view.Inicio$Conectar</class>
      <method>doInBackground</method>
      <line>350</line>
    </frame>
    <frame>
      <class>com.isolux.view.Inicio$Conectar</class>
      <method>doInBackground</method>
      <line>346</line>
    </frame>
    <frame>
      <class>javax.swing.SwingWorker$1</class>
      <method>call</method>
      <line>296</line>
    </frame>
    <frame>
      <class>java.util.concurrent.FutureTask$Sync</class>
      <method>innerRun</method>
      <line>334</line>
    </frame>
    <frame>
      <class>java.util.concurrent.FutureTask</class>
      <method>run</method>
      <line>166</line>
    </frame>
    <frame>
      <class>javax.swing.SwingWorker</class>
      <method>run</method>
      <line>335</line>
    </frame>
    <frame>
      <class>java.util.concurrent.ThreadPoolExecutor</class>
      <method>runWorker</method>
      <line>1110</line>
    </frame>
    <frame>
      <class>java.util.concurrent.ThreadPoolExecutor$Worker</class>
      <method>run</method>
      <line>603</line>
    </frame>
    <frame>
      <class>java.lang.Thread</class>
      <method>run</method>
      <line>722</line>
    </frame>
  </exception>
</record>
</log>
<?xml version="1.0" encoding="UTF-8" standalone="no"?>
<!DOCTYPE log SYSTEM "logger.dtd">
<log>
<record>
  <date>2012-12-26T16:16:48</date>
  <millis>1356556608232</millis>
  <sequence>0</sequence>
  <logger>com.isolux.dao.modbus.DAOJamod</logger>
  <level>SEVERE</level>
  <class>com.isolux.dao.modbus.DAOJamod</class>
  <method>testConnection</method>
  <thread>19</thread>
  <message>No se pudo conectar</message>
  <exception>
    <message>java.net.ConnectException: Connection timed out: connect</message>
    <frame>
      <class>java.net.DualStackPlainSocketImpl</class>
      <method>connect0</method>
    </frame>
    <frame>
      <class>java.net.DualStackPlainSocketImpl</class>
      <method>socketConnect</method>
      <line>69</line>
    </frame>
    <frame>
      <class>java.net.AbstractPlainSocketImpl</class>
      <method>doConnect</method>
      <line>339</line>
    </frame>
    <frame>
      <class>java.net.AbstractPlainSocketImpl</class>
      <method>connectToAddress</method>
      <line>200</line>
    </frame>
    <frame>
      <class>java.net.AbstractPlainSocketImpl</class>
      <method>connect</method>
      <line>182</line>
    </frame>
    <frame>
      <class>java.net.PlainSocketImpl</class>
      <method>connect</method>
      <line>157</line>
    </frame>
    <frame>
      <class>java.net.SocksSocketImpl</class>
      <method>connect</method>
      <line>391</line>
    </frame>
    <frame>
      <class>java.net.Socket</class>
      <method>connect</method>
      <line>579</line>
    </frame>
    <frame>
      <class>java.net.Socket</class>
      <method>connect</method>
      <line>528</line>
    </frame>
    <frame>
      <class>java.net.Socket</class>
      <method>&lt;init&gt;</method>
      <line>425</line>
    </frame>
    <frame>
      <class>java.net.Socket</class>
      <method>&lt;init&gt;</method>
      <line>241</line>
    </frame>
    <frame>
      <class>net.wimpi.modbus.net.TCPMasterConnection</class>
      <method>connect</method>
      <line>65</line>
    </frame>
    <frame>
      <class>com.isolux.dao.modbus.DAOJamod</class>
      <method>testConnection</method>
      <line>375</line>
    </frame>
    <frame>
      <class>com.isolux.view.Inicio</class>
      <method>conectar</method>
      <line>302</line>
    </frame>
    <frame>
      <class>com.isolux.view.Inicio</class>
      <method>access$400</method>
      <line>29</line>
    </frame>
    <frame>
      <class>com.isolux.view.Inicio$Conectar</class>
      <method>doInBackground</method>
      <line>350</line>
    </frame>
    <frame>
      <class>com.isolux.view.Inicio$Conectar</class>
      <method>doInBackground</method>
      <line>346</line>
    </frame>
    <frame>
      <class>javax.swing.SwingWorker$1</class>
      <method>call</method>
      <line>296</line>
    </frame>
    <frame>
      <class>java.util.concurrent.FutureTask$Sync</class>
      <method>innerRun</method>
      <line>334</line>
    </frame>
    <frame>
      <class>java.util.concurrent.FutureTask</class>
      <method>run</method>
      <line>166</line>
    </frame>
    <frame>
      <class>javax.swing.SwingWorker</class>
      <method>run</method>
      <line>335</line>
    </frame>
    <frame>
      <class>java.util.concurrent.ThreadPoolExecutor</class>
      <method>runWorker</method>
      <line>1110</line>
    </frame>
    <frame>
      <class>java.util.concurrent.ThreadPoolExecutor$Worker</class>
      <method>run</method>
      <line>603</line>
    </frame>
    <frame>
      <class>java.lang.Thread</class>
      <method>run</method>
      <line>722</line>
    </frame>
  </exception>
</record>
<record>
  <date>2012-12-26T16:28:12</date>
  <millis>1356557292869</millis>
  <sequence>1</sequence>
  <logger>com.isolux.control.GeneralControl</logger>
  <level>SEVERE</level>
  <class>com.isolux.control.GeneralControl</class>
  <method>treeSelection</method>
  <thread>14</thread>
  <message>Error Cargando los elementos de la interfaz.</message>
  <exception>
    <message>java.lang.IllegalArgumentException: setSelectedIndex: 0 out of bounds</message>
    <frame>
      <class>javax.swing.JComboBox</class>
      <method>setSelectedIndex</method>
      <line>622</line>
    </frame>
    <frame>
      <class>com.isolux.control.EntradaControl</class>
      <method>cleanView</method>
      <line>305</line>
    </frame>
    <frame>
      <class>com.isolux.control.GeneralControl</class>
      <method>treeSelection</method>
      <line>293</line>
    </frame>
    <frame>
      <class>com.isolux.view.PpalView</class>
      <method>arbol_jTreeMousePressed</method>
      <line>3809</line>
    </frame>
    <frame>
      <class>com.isolux.view.PpalView</class>
      <method>access$1500</method>
      <line>67</line>
    </frame>
    <frame>
      <class>com.isolux.view.PpalView$14</class>
      <method>mousePressed</method>
      <line>815</line>
    </frame>
    <frame>
      <class>java.awt.AWTEventMulticaster</class>
      <method>mousePressed</method>
      <line>280</line>
    </frame>
    <frame>
      <class>java.awt.Component</class>
      <method>processMouseEvent</method>
      <line>6502</line>
    </frame>
    <frame>
      <class>javax.swing.JComponent</class>
      <method>processMouseEvent</method>
      <line>3321</line>
    </frame>
    <frame>
      <class>java.awt.Component</class>
      <method>processEvent</method>
      <line>6270</line>
    </frame>
    <frame>
      <class>java.awt.Container</class>
      <method>processEvent</method>
      <line>2229</line>
    </frame>
    <frame>
      <class>java.awt.Component</class>
      <method>dispatchEventImpl</method>
      <line>4861</line>
    </frame>
    <frame>
      <class>java.awt.Container</class>
      <method>dispatchEventImpl</method>
      <line>2287</line>
    </frame>
    <frame>
      <class>java.awt.Component</class>
      <method>dispatchEvent</method>
      <line>4687</line>
    </frame>
    <frame>
      <class>java.awt.LightweightDispatcher</class>
      <method>retargetMouseEvent</method>
      <line>4832</line>
    </frame>
    <frame>
      <class>java.awt.LightweightDispatcher</class>
      <method>processMouseEvent</method>
      <line>4489</line>
    </frame>
    <frame>
      <class>java.awt.LightweightDispatcher</class>
      <method>dispatchEvent</method>
      <line>4422</line>
    </frame>
    <frame>
      <class>java.awt.Container</class>
      <method>dispatchEventImpl</method>
      <line>2273</line>
    </frame>
    <frame>
      <class>java.awt.Window</class>
      <method>dispatchEventImpl</method>
      <line>2719</line>
    </frame>
    <frame>
      <class>java.awt.Component</class>
      <method>dispatchEvent</method>
      <line>4687</line>
    </frame>
    <frame>
      <class>java.awt.EventQueue</class>
      <method>dispatchEventImpl</method>
      <line>723</line>
    </frame>
    <frame>
      <class>java.awt.EventQueue</class>
      <method>access$200</method>
      <line>103</line>
    </frame>
    <frame>
      <class>java.awt.EventQueue$3</class>
      <method>run</method>
      <line>682</line>
    </frame>
    <frame>
      <class>java.awt.EventQueue$3</class>
      <method>run</method>
      <line>680</line>
    </frame>
    <frame>
      <class>java.security.AccessController</class>
      <method>doPrivileged</method>
    </frame>
    <frame>
      <class>java.security.ProtectionDomain$1</class>
      <method>doIntersectionPrivilege</method>
      <line>76</line>
    </frame>
    <frame>
      <class>java.security.ProtectionDomain$1</class>
      <method>doIntersectionPrivilege</method>
      <line>87</line>
    </frame>
    <frame>
      <class>java.awt.EventQueue$4</class>
      <method>run</method>
      <line>696</line>
    </frame>
    <frame>
      <class>java.awt.EventQueue$4</class>
      <method>run</method>
      <line>694</line>
    </frame>
    <frame>
      <class>java.security.AccessController</class>
      <method>doPrivileged</method>
    </frame>
    <frame>
      <class>java.security.ProtectionDomain$1</class>
      <method>doIntersectionPrivilege</method>
      <line>76</line>
    </frame>
    <frame>
      <class>java.awt.EventQueue</class>
      <method>dispatchEvent</method>
      <line>693</line>
    </frame>
    <frame>
      <class>java.awt.EventDispatchThread</class>
      <method>pumpOneEventForFilters</method>
      <line>244</line>
    </frame>
    <frame>
      <class>java.awt.EventDispatchThread</class>
      <method>pumpEventsForFilter</method>
      <line>163</line>
    </frame>
    <frame>
      <class>java.awt.EventDispatchThread</class>
      <method>pumpEventsForHierarchy</method>
      <line>151</line>
    </frame>
    <frame>
      <class>java.awt.EventDispatchThread</class>
      <method>pumpEvents</method>
      <line>147</line>
    </frame>
    <frame>
      <class>java.awt.EventDispatchThread</class>
      <method>pumpEvents</method>
      <line>139</line>
    </frame>
    <frame>
      <class>java.awt.EventDispatchThread</class>
      <method>run</method>
      <line>97</line>
    </frame>
  </exception>
</record>
<?xml version="1.0" encoding="UTF-8" standalone="no"?>
<!DOCTYPE log SYSTEM "logger.dtd">
<log>
<record>
  <date>2012-12-26T16:36:55</date>
  <millis>1356557815603</millis>
  <sequence>0</sequence>
  <logger>com.isolux.control.GeneralControl</logger>
  <level>SEVERE</level>
  <class>com.isolux.control.GeneralControl</class>
  <method>treeSelection</method>
  <thread>14</thread>
  <message>Error Cargando los elementos de la interfaz.</message>
  <exception>
    <message>java.lang.IllegalArgumentException: setSelectedIndex: 0 out of bounds</message>
    <frame>
      <class>javax.swing.JComboBox</class>
      <method>setSelectedIndex</method>
      <line>622</line>
    </frame>
    <frame>
      <class>com.isolux.control.EntradaControl</class>
      <method>cleanView</method>
      <line>305</line>
    </frame>
    <frame>
      <class>com.isolux.control.GeneralControl</class>
      <method>treeSelection</method>
      <line>293</line>
    </frame>
    <frame>
      <class>com.isolux.view.PpalView</class>
      <method>arbol_jTreeMousePressed</method>
      <line>3809</line>
    </frame>
    <frame>
      <class>com.isolux.view.PpalView</class>
      <method>access$1500</method>
      <line>67</line>
    </frame>
    <frame>
      <class>com.isolux.view.PpalView$14</class>
      <method>mousePressed</method>
      <line>815</line>
    </frame>
    <frame>
      <class>java.awt.AWTEventMulticaster</class>
      <method>mousePressed</method>
      <line>280</line>
    </frame>
    <frame>
      <class>java.awt.Component</class>
      <method>processMouseEvent</method>
      <line>6502</line>
    </frame>
    <frame>
      <class>javax.swing.JComponent</class>
      <method>processMouseEvent</method>
      <line>3321</line>
    </frame>
    <frame>
      <class>java.awt.Component</class>
      <method>processEvent</method>
      <line>6270</line>
    </frame>
    <frame>
      <class>java.awt.Container</class>
      <method>processEvent</method>
      <line>2229</line>
    </frame>
    <frame>
      <class>java.awt.Component</class>
      <method>dispatchEventImpl</method>
      <line>4861</line>
    </frame>
    <frame>
      <class>java.awt.Container</class>
      <method>dispatchEventImpl</method>
      <line>2287</line>
    </frame>
    <frame>
      <class>java.awt.Component</class>
      <method>dispatchEvent</method>
      <line>4687</line>
    </frame>
    <frame>
      <class>java.awt.LightweightDispatcher</class>
      <method>retargetMouseEvent</method>
      <line>4832</line>
    </frame>
    <frame>
      <class>java.awt.LightweightDispatcher</class>
      <method>processMouseEvent</method>
      <line>4489</line>
    </frame>
    <frame>
      <class>java.awt.LightweightDispatcher</class>
      <method>dispatchEvent</method>
      <line>4422</line>
    </frame>
    <frame>
      <class>java.awt.Container</class>
      <method>dispatchEventImpl</method>
      <line>2273</line>
    </frame>
    <frame>
      <class>java.awt.Window</class>
      <method>dispatchEventImpl</method>
      <line>2719</line>
    </frame>
    <frame>
      <class>java.awt.Component</class>
      <method>dispatchEvent</method>
      <line>4687</line>
    </frame>
    <frame>
      <class>java.awt.EventQueue</class>
      <method>dispatchEventImpl</method>
      <line>723</line>
    </frame>
    <frame>
      <class>java.awt.EventQueue</class>
      <method>access$200</method>
      <line>103</line>
    </frame>
    <frame>
      <class>java.awt.EventQueue$3</class>
      <method>run</method>
      <line>682</line>
    </frame>
    <frame>
      <class>java.awt.EventQueue$3</class>
      <method>run</method>
      <line>680</line>
    </frame>
    <frame>
      <class>java.security.AccessController</class>
      <method>doPrivileged</method>
    </frame>
    <frame>
      <class>java.security.ProtectionDomain$1</class>
      <method>doIntersectionPrivilege</method>
      <line>76</line>
    </frame>
    <frame>
      <class>java.security.ProtectionDomain$1</class>
      <method>doIntersectionPrivilege</method>
      <line>87</line>
    </frame>
    <frame>
      <class>java.awt.EventQueue$4</class>
      <method>run</method>
      <line>696</line>
    </frame>
    <frame>
      <class>java.awt.EventQueue$4</class>
      <method>run</method>
      <line>694</line>
    </frame>
    <frame>
      <class>java.security.AccessController</class>
      <method>doPrivileged</method>
    </frame>
    <frame>
      <class>java.security.ProtectionDomain$1</class>
      <method>doIntersectionPrivilege</method>
      <line>76</line>
    </frame>
    <frame>
      <class>java.awt.EventQueue</class>
      <method>dispatchEvent</method>
      <line>693</line>
    </frame>
    <frame>
      <class>java.awt.EventDispatchThread</class>
      <method>pumpOneEventForFilters</method>
      <line>244</line>
    </frame>
    <frame>
      <class>java.awt.EventDispatchThread</class>
      <method>pumpEventsForFilter</method>
      <line>163</line>
    </frame>
    <frame>
      <class>java.awt.EventDispatchThread</class>
      <method>pumpEventsForHierarchy</method>
      <line>151</line>
    </frame>
    <frame>
      <class>java.awt.EventDispatchThread</class>
      <method>pumpEvents</method>
      <line>147</line>
    </frame>
    <frame>
      <class>java.awt.EventDispatchThread</class>
      <method>pumpEvents</method>
      <line>139</line>
    </frame>
    <frame>
      <class>java.awt.EventDispatchThread</class>
      <method>run</method>
      <line>97</line>
    </frame>
  </exception>
</record>
<?xml version="1.0" encoding="UTF-8" standalone="no"?>
<!DOCTYPE log SYSTEM "logger.dtd">
<log>
<record>
  <date>2012-12-26T16:51:42</date>
  <millis>1356558702842</millis>
  <sequence>0</sequence>
  <logger>com.isolux.dao.modbus.DAOJamod</logger>
  <level>SEVERE</level>
  <class>com.isolux.dao.modbus.DAOJamod</class>
  <method>testConnection</method>
  <thread>19</thread>
  <message>No se pudo conectar</message>
  <exception>
    <message>java.net.ConnectException: Connection refused: connect</message>
    <frame>
      <class>java.net.DualStackPlainSocketImpl</class>
      <method>connect0</method>
    </frame>
    <frame>
      <class>java.net.DualStackPlainSocketImpl</class>
      <method>socketConnect</method>
      <line>69</line>
    </frame>
    <frame>
      <class>java.net.AbstractPlainSocketImpl</class>
      <method>doConnect</method>
      <line>339</line>
    </frame>
    <frame>
      <class>java.net.AbstractPlainSocketImpl</class>
      <method>connectToAddress</method>
      <line>200</line>
    </frame>
    <frame>
      <class>java.net.AbstractPlainSocketImpl</class>
      <method>connect</method>
      <line>182</line>
    </frame>
    <frame>
      <class>java.net.PlainSocketImpl</class>
      <method>connect</method>
      <line>157</line>
    </frame>
    <frame>
      <class>java.net.SocksSocketImpl</class>
      <method>connect</method>
      <line>391</line>
    </frame>
    <frame>
      <class>java.net.Socket</class>
      <method>connect</method>
      <line>579</line>
    </frame>
    <frame>
      <class>java.net.Socket</class>
      <method>connect</method>
      <line>528</line>
    </frame>
    <frame>
      <class>java.net.Socket</class>
      <method>&lt;init&gt;</method>
      <line>425</line>
    </frame>
    <frame>
      <class>java.net.Socket</class>
      <method>&lt;init&gt;</method>
      <line>241</line>
    </frame>
    <frame>
      <class>net.wimpi.modbus.net.TCPMasterConnection</class>
      <method>connect</method>
      <line>65</line>
    </frame>
    <frame>
      <class>com.isolux.dao.modbus.DAOJamod</class>
      <method>testConnection</method>
      <line>375</line>
    </frame>
    <frame>
      <class>com.isolux.view.Inicio</class>
      <method>conectar</method>
      <line>302</line>
    </frame>
    <frame>
      <class>com.isolux.view.Inicio</class>
      <method>access$400</method>
      <line>29</line>
    </frame>
    <frame>
      <class>com.isolux.view.Inicio$Conectar</class>
      <method>doInBackground</method>
      <line>350</line>
    </frame>
    <frame>
      <class>com.isolux.view.Inicio$Conectar</class>
      <method>doInBackground</method>
      <line>346</line>
    </frame>
    <frame>
      <class>javax.swing.SwingWorker$1</class>
      <method>call</method>
      <line>296</line>
    </frame>
    <frame>
      <class>java.util.concurrent.FutureTask$Sync</class>
      <method>innerRun</method>
      <line>334</line>
    </frame>
    <frame>
      <class>java.util.concurrent.FutureTask</class>
      <method>run</method>
      <line>166</line>
    </frame>
    <frame>
      <class>javax.swing.SwingWorker</class>
      <method>run</method>
      <line>335</line>
    </frame>
    <frame>
      <class>java.util.concurrent.ThreadPoolExecutor</class>
      <method>runWorker</method>
      <line>1110</line>
    </frame>
    <frame>
      <class>java.util.concurrent.ThreadPoolExecutor$Worker</class>
      <method>run</method>
      <line>603</line>
    </frame>
    <frame>
      <class>java.lang.Thread</class>
      <method>run</method>
      <line>722</line>
    </frame>
  </exception>
</record>
</log>
<?xml version="1.0" encoding="UTF-8" standalone="no"?>
<!DOCTYPE log SYSTEM "logger.dtd">
<log>
<record>
  <date>2012-12-26T16:57:49</date>
  <millis>1356559069043</millis>
  <sequence>0</sequence>
  <logger>com.isolux.dao.modbus.DAOJamod</logger>
  <level>SEVERE</level>
  <class>com.isolux.dao.modbus.DAOJamod</class>
  <method>testConnection</method>
  <thread>19</thread>
  <message>No se pudo conectar</message>
  <exception>
    <message>java.net.ConnectException: Connection timed out: connect</message>
    <frame>
      <class>java.net.DualStackPlainSocketImpl</class>
      <method>connect0</method>
    </frame>
    <frame>
      <class>java.net.DualStackPlainSocketImpl</class>
      <method>socketConnect</method>
      <line>69</line>
    </frame>
    <frame>
      <class>java.net.AbstractPlainSocketImpl</class>
      <method>doConnect</method>
      <line>339</line>
    </frame>
    <frame>
      <class>java.net.AbstractPlainSocketImpl</class>
      <method>connectToAddress</method>
      <line>200</line>
    </frame>
    <frame>
      <class>java.net.AbstractPlainSocketImpl</class>
      <method>connect</method>
      <line>182</line>
    </frame>
    <frame>
      <class>java.net.PlainSocketImpl</class>
      <method>connect</method>
      <line>157</line>
    </frame>
    <frame>
      <class>java.net.SocksSocketImpl</class>
      <method>connect</method>
      <line>391</line>
    </frame>
    <frame>
      <class>java.net.Socket</class>
      <method>connect</method>
      <line>579</line>
    </frame>
    <frame>
      <class>java.net.Socket</class>
      <method>connect</method>
      <line>528</line>
    </frame>
    <frame>
      <class>java.net.Socket</class>
      <method>&lt;init&gt;</method>
      <line>425</line>
    </frame>
    <frame>
      <class>java.net.Socket</class>
      <method>&lt;init&gt;</method>
      <line>241</line>
    </frame>
    <frame>
      <class>net.wimpi.modbus.net.TCPMasterConnection</class>
      <method>connect</method>
      <line>65</line>
    </frame>
    <frame>
      <class>com.isolux.dao.modbus.DAOJamod</class>
      <method>testConnection</method>
      <line>375</line>
    </frame>
    <frame>
      <class>com.isolux.view.Inicio</class>
      <method>conectar</method>
      <line>302</line>
    </frame>
    <frame>
      <class>com.isolux.view.Inicio</class>
      <method>access$400</method>
      <line>29</line>
    </frame>
    <frame>
      <class>com.isolux.view.Inicio$Conectar</class>
      <method>doInBackground</method>
      <line>350</line>
    </frame>
    <frame>
      <class>com.isolux.view.Inicio$Conectar</class>
      <method>doInBackground</method>
      <line>346</line>
    </frame>
    <frame>
      <class>javax.swing.SwingWorker$1</class>
      <method>call</method>
      <line>296</line>
    </frame>
    <frame>
      <class>java.util.concurrent.FutureTask$Sync</class>
      <method>innerRun</method>
      <line>334</line>
    </frame>
    <frame>
      <class>java.util.concurrent.FutureTask</class>
      <method>run</method>
      <line>166</line>
    </frame>
    <frame>
      <class>javax.swing.SwingWorker</class>
      <method>run</method>
      <line>335</line>
    </frame>
    <frame>
      <class>java.util.concurrent.ThreadPoolExecutor</class>
      <method>runWorker</method>
      <line>1110</line>
    </frame>
    <frame>
      <class>java.util.concurrent.ThreadPoolExecutor$Worker</class>
      <method>run</method>
      <line>603</line>
    </frame>
    <frame>
      <class>java.lang.Thread</class>
      <method>run</method>
      <line>722</line>
    </frame>
  </exception>
</record>
</log>
<?xml version="1.0" encoding="UTF-8" standalone="no"?>
<!DOCTYPE log SYSTEM "logger.dtd">
<log>
<record>
  <date>2012-12-26T17:00:29</date>
  <millis>1356559229479</millis>
  <sequence>0</sequence>
  <logger>com.isolux.dao.modbus.DAOJamod</logger>
  <level>SEVERE</level>
  <class>com.isolux.dao.modbus.DAOJamod</class>
  <method>testConnection</method>
  <thread>19</thread>
  <message>No se pudo conectar</message>
  <exception>
    <message>java.net.ConnectException: Connection timed out: connect</message>
    <frame>
      <class>java.net.DualStackPlainSocketImpl</class>
      <method>connect0</method>
    </frame>
    <frame>
      <class>java.net.DualStackPlainSocketImpl</class>
      <method>socketConnect</method>
      <line>69</line>
    </frame>
    <frame>
      <class>java.net.AbstractPlainSocketImpl</class>
      <method>doConnect</method>
      <line>339</line>
    </frame>
    <frame>
      <class>java.net.AbstractPlainSocketImpl</class>
      <method>connectToAddress</method>
      <line>200</line>
    </frame>
    <frame>
      <class>java.net.AbstractPlainSocketImpl</class>
      <method>connect</method>
      <line>182</line>
    </frame>
    <frame>
      <class>java.net.PlainSocketImpl</class>
      <method>connect</method>
      <line>157</line>
    </frame>
    <frame>
      <class>java.net.SocksSocketImpl</class>
      <method>connect</method>
      <line>391</line>
    </frame>
    <frame>
      <class>java.net.Socket</class>
      <method>connect</method>
      <line>579</line>
    </frame>
    <frame>
      <class>java.net.Socket</class>
      <method>connect</method>
      <line>528</line>
    </frame>
    <frame>
      <class>java.net.Socket</class>
      <method>&lt;init&gt;</method>
      <line>425</line>
    </frame>
    <frame>
      <class>java.net.Socket</class>
      <method>&lt;init&gt;</method>
      <line>241</line>
    </frame>
    <frame>
      <class>net.wimpi.modbus.net.TCPMasterConnection</class>
      <method>connect</method>
      <line>65</line>
    </frame>
    <frame>
      <class>com.isolux.dao.modbus.DAOJamod</class>
      <method>testConnection</method>
      <line>375</line>
    </frame>
    <frame>
      <class>com.isolux.view.Inicio</class>
      <method>conectar</method>
      <line>302</line>
    </frame>
    <frame>
      <class>com.isolux.view.Inicio</class>
      <method>access$400</method>
      <line>29</line>
    </frame>
    <frame>
      <class>com.isolux.view.Inicio$Conectar</class>
      <method>doInBackground</method>
      <line>350</line>
    </frame>
    <frame>
      <class>com.isolux.view.Inicio$Conectar</class>
      <method>doInBackground</method>
      <line>346</line>
    </frame>
    <frame>
      <class>javax.swing.SwingWorker$1</class>
      <method>call</method>
      <line>296</line>
    </frame>
    <frame>
      <class>java.util.concurrent.FutureTask$Sync</class>
      <method>innerRun</method>
      <line>334</line>
    </frame>
    <frame>
      <class>java.util.concurrent.FutureTask</class>
      <method>run</method>
      <line>166</line>
    </frame>
    <frame>
      <class>javax.swing.SwingWorker</class>
      <method>run</method>
      <line>335</line>
    </frame>
    <frame>
      <class>java.util.concurrent.ThreadPoolExecutor</class>
      <method>runWorker</method>
      <line>1110</line>
    </frame>
    <frame>
      <class>java.util.concurrent.ThreadPoolExecutor$Worker</class>
      <method>run</method>
      <line>603</line>
    </frame>
    <frame>
      <class>java.lang.Thread</class>
      <method>run</method>
      <line>722</line>
    </frame>
  </exception>
</record>
</log>
<?xml version="1.0" encoding="UTF-8" standalone="no"?>
<!DOCTYPE log SYSTEM "logger.dtd">
<log>
<record>
  <date>2012-12-26T17:08:58</date>
  <millis>1356559738593</millis>
  <sequence>0</sequence>
  <logger>com.isolux.dao.modbus.DAOJamod</logger>
  <level>SEVERE</level>
  <class>com.isolux.dao.modbus.DAOJamod</class>
  <method>testConnection</method>
  <thread>19</thread>
  <message>No se pudo conectar</message>
  <exception>
    <message>java.net.ConnectException: Connection refused: connect</message>
    <frame>
      <class>java.net.DualStackPlainSocketImpl</class>
      <method>connect0</method>
    </frame>
    <frame>
      <class>java.net.DualStackPlainSocketImpl</class>
      <method>socketConnect</method>
      <line>69</line>
    </frame>
    <frame>
      <class>java.net.AbstractPlainSocketImpl</class>
      <method>doConnect</method>
      <line>339</line>
    </frame>
    <frame>
      <class>java.net.AbstractPlainSocketImpl</class>
      <method>connectToAddress</method>
      <line>200</line>
    </frame>
    <frame>
      <class>java.net.AbstractPlainSocketImpl</class>
      <method>connect</method>
      <line>182</line>
    </frame>
    <frame>
      <class>java.net.PlainSocketImpl</class>
      <method>connect</method>
      <line>157</line>
    </frame>
    <frame>
      <class>java.net.SocksSocketImpl</class>
      <method>connect</method>
      <line>391</line>
    </frame>
    <frame>
      <class>java.net.Socket</class>
      <method>connect</method>
      <line>579</line>
    </frame>
    <frame>
      <class>java.net.Socket</class>
      <method>connect</method>
      <line>528</line>
    </frame>
    <frame>
      <class>java.net.Socket</class>
      <method>&lt;init&gt;</method>
      <line>425</line>
    </frame>
    <frame>
      <class>java.net.Socket</class>
      <method>&lt;init&gt;</method>
      <line>241</line>
    </frame>
    <frame>
      <class>net.wimpi.modbus.net.TCPMasterConnection</class>
      <method>connect</method>
      <line>65</line>
    </frame>
    <frame>
      <class>com.isolux.dao.modbus.DAOJamod</class>
      <method>testConnection</method>
      <line>375</line>
    </frame>
    <frame>
      <class>com.isolux.view.Inicio</class>
      <method>conectar</method>
      <line>302</line>
    </frame>
    <frame>
      <class>com.isolux.view.Inicio</class>
      <method>access$400</method>
      <line>29</line>
    </frame>
    <frame>
      <class>com.isolux.view.Inicio$Conectar</class>
      <method>doInBackground</method>
      <line>350</line>
    </frame>
    <frame>
      <class>com.isolux.view.Inicio$Conectar</class>
      <method>doInBackground</method>
      <line>346</line>
    </frame>
    <frame>
      <class>javax.swing.SwingWorker$1</class>
      <method>call</method>
      <line>296</line>
    </frame>
    <frame>
      <class>java.util.concurrent.FutureTask$Sync</class>
      <method>innerRun</method>
      <line>334</line>
    </frame>
    <frame>
      <class>java.util.concurrent.FutureTask</class>
      <method>run</method>
      <line>166</line>
    </frame>
    <frame>
      <class>javax.swing.SwingWorker</class>
      <method>run</method>
      <line>335</line>
    </frame>
    <frame>
      <class>java.util.concurrent.ThreadPoolExecutor</class>
      <method>runWorker</method>
      <line>1110</line>
    </frame>
    <frame>
      <class>java.util.concurrent.ThreadPoolExecutor$Worker</class>
      <method>run</method>
      <line>603</line>
    </frame>
    <frame>
      <class>java.lang.Thread</class>
      <method>run</method>
      <line>722</line>
    </frame>
  </exception>
</record>
<record>
  <date>2012-12-26T17:09:04</date>
  <millis>1356559744254</millis>
  <sequence>1</sequence>
  <logger>com.isolux.dao.modbus.DAOJamod</logger>
  <level>SEVERE</level>
  <class>com.isolux.dao.modbus.DAOJamod</class>
  <method>testConnection</method>
  <thread>21</thread>
  <message>No se pudo conectar</message>
  <exception>
    <message>java.net.ConnectException: Connection refused: connect</message>
    <frame>
      <class>java.net.DualStackPlainSocketImpl</class>
      <method>connect0</method>
    </frame>
    <frame>
      <class>java.net.DualStackPlainSocketImpl</class>
      <method>socketConnect</method>
      <line>69</line>
    </frame>
    <frame>
      <class>java.net.AbstractPlainSocketImpl</class>
      <method>doConnect</method>
      <line>339</line>
    </frame>
    <frame>
      <class>java.net.AbstractPlainSocketImpl</class>
      <method>connectToAddress</method>
      <line>200</line>
    </frame>
    <frame>
      <class>java.net.AbstractPlainSocketImpl</class>
      <method>connect</method>
      <line>182</line>
    </frame>
    <frame>
      <class>java.net.PlainSocketImpl</class>
      <method>connect</method>
      <line>157</line>
    </frame>
    <frame>
      <class>java.net.SocksSocketImpl</class>
      <method>connect</method>
      <line>391</line>
    </frame>
    <frame>
      <class>java.net.Socket</class>
      <method>connect</method>
      <line>579</line>
    </frame>
    <frame>
      <class>java.net.Socket</class>
      <method>connect</method>
      <line>528</line>
    </frame>
    <frame>
      <class>java.net.Socket</class>
      <method>&lt;init&gt;</method>
      <line>425</line>
    </frame>
    <frame>
      <class>java.net.Socket</class>
      <method>&lt;init&gt;</method>
      <line>241</line>
    </frame>
    <frame>
      <class>net.wimpi.modbus.net.TCPMasterConnection</class>
      <method>connect</method>
      <line>65</line>
    </frame>
    <frame>
      <class>com.isolux.dao.modbus.DAOJamod</class>
      <method>testConnection</method>
      <line>375</line>
    </frame>
    <frame>
      <class>com.isolux.view.Inicio</class>
      <method>conectar</method>
      <line>302</line>
    </frame>
    <frame>
      <class>com.isolux.view.Inicio</class>
      <method>access$400</method>
      <line>29</line>
    </frame>
    <frame>
      <class>com.isolux.view.Inicio$Conectar</class>
      <method>doInBackground</method>
      <line>350</line>
    </frame>
    <frame>
      <class>com.isolux.view.Inicio$Conectar</class>
      <method>doInBackground</method>
      <line>346</line>
    </frame>
    <frame>
      <class>javax.swing.SwingWorker$1</class>
      <method>call</method>
      <line>296</line>
    </frame>
    <frame>
      <class>java.util.concurrent.FutureTask$Sync</class>
      <method>innerRun</method>
      <line>334</line>
    </frame>
    <frame>
      <class>java.util.concurrent.FutureTask</class>
      <method>run</method>
      <line>166</line>
    </frame>
    <frame>
      <class>javax.swing.SwingWorker</class>
      <method>run</method>
      <line>335</line>
    </frame>
    <frame>
      <class>java.util.concurrent.ThreadPoolExecutor</class>
      <method>runWorker</method>
      <line>1110</line>
    </frame>
    <frame>
      <class>java.util.concurrent.ThreadPoolExecutor$Worker</class>
      <method>run</method>
      <line>603</line>
    </frame>
    <frame>
      <class>java.lang.Thread</class>
      <method>run</method>
      <line>722</line>
    </frame>
  </exception>
</record>
<record>
  <date>2012-12-26T17:09:10</date>
  <millis>1356559750696</millis>
  <sequence>2</sequence>
  <logger>com.isolux.dao.modbus.DAOJamod</logger>
  <level>SEVERE</level>
  <class>com.isolux.dao.modbus.DAOJamod</class>
  <method>testConnection</method>
  <thread>22</thread>
  <message>No se pudo conectar</message>
  <exception>
    <message>java.net.ConnectException: Connection refused: connect</message>
    <frame>
      <class>java.net.DualStackPlainSocketImpl</class>
      <method>connect0</method>
    </frame>
    <frame>
      <class>java.net.DualStackPlainSocketImpl</class>
      <method>socketConnect</method>
      <line>69</line>
    </frame>
    <frame>
      <class>java.net.AbstractPlainSocketImpl</class>
      <method>doConnect</method>
      <line>339</line>
    </frame>
    <frame>
      <class>java.net.AbstractPlainSocketImpl</class>
      <method>connectToAddress</method>
      <line>200</line>
    </frame>
    <frame>
      <class>java.net.AbstractPlainSocketImpl</class>
      <method>connect</method>
      <line>182</line>
    </frame>
    <frame>
      <class>java.net.PlainSocketImpl</class>
      <method>connect</method>
      <line>157</line>
    </frame>
    <frame>
      <class>java.net.SocksSocketImpl</class>
      <method>connect</method>
      <line>391</line>
    </frame>
    <frame>
      <class>java.net.Socket</class>
      <method>connect</method>
      <line>579</line>
    </frame>
    <frame>
      <class>java.net.Socket</class>
      <method>connect</method>
      <line>528</line>
    </frame>
    <frame>
      <class>java.net.Socket</class>
      <method>&lt;init&gt;</method>
      <line>425</line>
    </frame>
    <frame>
      <class>java.net.Socket</class>
      <method>&lt;init&gt;</method>
      <line>241</line>
    </frame>
    <frame>
      <class>net.wimpi.modbus.net.TCPMasterConnection</class>
      <method>connect</method>
      <line>65</line>
    </frame>
    <frame>
      <class>com.isolux.dao.modbus.DAOJamod</class>
      <method>testConnection</method>
      <line>375</line>
    </frame>
    <frame>
      <class>com.isolux.view.Inicio</class>
      <method>conectar</method>
      <line>302</line>
    </frame>
    <frame>
      <class>com.isolux.view.Inicio</class>
      <method>access$400</method>
      <line>29</line>
    </frame>
    <frame>
      <class>com.isolux.view.Inicio$Conectar</class>
      <method>doInBackground</method>
      <line>350</line>
    </frame>
    <frame>
      <class>com.isolux.view.Inicio$Conectar</class>
      <method>doInBackground</method>
      <line>346</line>
    </frame>
    <frame>
      <class>javax.swing.SwingWorker$1</class>
      <method>call</method>
      <line>296</line>
    </frame>
    <frame>
      <class>java.util.concurrent.FutureTask$Sync</class>
      <method>innerRun</method>
      <line>334</line>
    </frame>
    <frame>
      <class>java.util.concurrent.FutureTask</class>
      <method>run</method>
      <line>166</line>
    </frame>
    <frame>
      <class>javax.swing.SwingWorker</class>
      <method>run</method>
      <line>335</line>
    </frame>
    <frame>
      <class>java.util.concurrent.ThreadPoolExecutor</class>
      <method>runWorker</method>
      <line>1110</line>
    </frame>
    <frame>
      <class>java.util.concurrent.ThreadPoolExecutor$Worker</class>
      <method>run</method>
      <line>603</line>
    </frame>
    <frame>
      <class>java.lang.Thread</class>
      <method>run</method>
      <line>722</line>
    </frame>
  </exception>
</record>
</log>
<?xml version="1.0" encoding="UTF-8" standalone="no"?>
<!DOCTYPE log SYSTEM "logger.dtd">
<log>
<record>
  <date>2012-12-26T17:18:33</date>
  <millis>1356560313207</millis>
  <sequence>0</sequence>
  <logger>com.isolux.dao.modbus.DAOJamod</logger>
  <level>SEVERE</level>
  <class>com.isolux.dao.modbus.DAOJamod</class>
  <method>testConnection</method>
  <thread>19</thread>
  <message>No se pudo conectar</message>
  <exception>
    <message>java.net.ConnectException: Connection refused: connect</message>
    <frame>
      <class>java.net.DualStackPlainSocketImpl</class>
      <method>connect0</method>
    </frame>
    <frame>
      <class>java.net.DualStackPlainSocketImpl</class>
      <method>socketConnect</method>
      <line>69</line>
    </frame>
    <frame>
      <class>java.net.AbstractPlainSocketImpl</class>
      <method>doConnect</method>
      <line>339</line>
    </frame>
    <frame>
      <class>java.net.AbstractPlainSocketImpl</class>
      <method>connectToAddress</method>
      <line>200</line>
    </frame>
    <frame>
      <class>java.net.AbstractPlainSocketImpl</class>
      <method>connect</method>
      <line>182</line>
    </frame>
    <frame>
      <class>java.net.PlainSocketImpl</class>
      <method>connect</method>
      <line>157</line>
    </frame>
    <frame>
      <class>java.net.SocksSocketImpl</class>
      <method>connect</method>
      <line>391</line>
    </frame>
    <frame>
      <class>java.net.Socket</class>
      <method>connect</method>
      <line>579</line>
    </frame>
    <frame>
      <class>java.net.Socket</class>
      <method>connect</method>
      <line>528</line>
    </frame>
    <frame>
      <class>java.net.Socket</class>
      <method>&lt;init&gt;</method>
      <line>425</line>
    </frame>
    <frame>
      <class>java.net.Socket</class>
      <method>&lt;init&gt;</method>
      <line>241</line>
    </frame>
    <frame>
      <class>net.wimpi.modbus.net.TCPMasterConnection</class>
      <method>connect</method>
      <line>65</line>
    </frame>
    <frame>
      <class>com.isolux.dao.modbus.DAOJamod</class>
      <method>testConnection</method>
      <line>375</line>
    </frame>
    <frame>
      <class>com.isolux.view.Inicio</class>
      <method>conectar</method>
      <line>302</line>
    </frame>
    <frame>
      <class>com.isolux.view.Inicio</class>
      <method>access$400</method>
      <line>29</line>
    </frame>
    <frame>
      <class>com.isolux.view.Inicio$Conectar</class>
      <method>doInBackground</method>
      <line>350</line>
    </frame>
    <frame>
      <class>com.isolux.view.Inicio$Conectar</class>
      <method>doInBackground</method>
      <line>346</line>
    </frame>
    <frame>
      <class>javax.swing.SwingWorker$1</class>
      <method>call</method>
      <line>296</line>
    </frame>
    <frame>
      <class>java.util.concurrent.FutureTask$Sync</class>
      <method>innerRun</method>
      <line>334</line>
    </frame>
    <frame>
      <class>java.util.concurrent.FutureTask</class>
      <method>run</method>
      <line>166</line>
    </frame>
    <frame>
      <class>javax.swing.SwingWorker</class>
      <method>run</method>
      <line>335</line>
    </frame>
    <frame>
      <class>java.util.concurrent.ThreadPoolExecutor</class>
      <method>runWorker</method>
      <line>1110</line>
    </frame>
    <frame>
      <class>java.util.concurrent.ThreadPoolExecutor$Worker</class>
      <method>run</method>
      <line>603</line>
    </frame>
    <frame>
      <class>java.lang.Thread</class>
      <method>run</method>
      <line>722</line>
    </frame>
  </exception>
</record>
</log>
<?xml version="1.0" encoding="UTF-8" standalone="no"?>
<!DOCTYPE log SYSTEM "logger.dtd">
<log>
<record>
  <date>2012-12-26T17:21:36</date>
  <millis>1356560496006</millis>
  <sequence>0</sequence>
  <logger>com.isolux.dao.modbus.DAOJamod</logger>
  <level>SEVERE</level>
  <class>com.isolux.dao.modbus.DAOJamod</class>
  <method>testConnection</method>
  <thread>19</thread>
  <message>No se pudo conectar</message>
  <exception>
    <message>java.net.ConnectException: Connection refused: connect</message>
    <frame>
      <class>java.net.DualStackPlainSocketImpl</class>
      <method>connect0</method>
    </frame>
    <frame>
      <class>java.net.DualStackPlainSocketImpl</class>
      <method>socketConnect</method>
      <line>69</line>
    </frame>
    <frame>
      <class>java.net.AbstractPlainSocketImpl</class>
      <method>doConnect</method>
      <line>339</line>
    </frame>
    <frame>
      <class>java.net.AbstractPlainSocketImpl</class>
      <method>connectToAddress</method>
      <line>200</line>
    </frame>
    <frame>
      <class>java.net.AbstractPlainSocketImpl</class>
      <method>connect</method>
      <line>182</line>
    </frame>
    <frame>
      <class>java.net.PlainSocketImpl</class>
      <method>connect</method>
      <line>157</line>
    </frame>
    <frame>
      <class>java.net.SocksSocketImpl</class>
      <method>connect</method>
      <line>391</line>
    </frame>
    <frame>
      <class>java.net.Socket</class>
      <method>connect</method>
      <line>579</line>
    </frame>
    <frame>
      <class>java.net.Socket</class>
      <method>connect</method>
      <line>528</line>
    </frame>
    <frame>
      <class>java.net.Socket</class>
      <method>&lt;init&gt;</method>
      <line>425</line>
    </frame>
    <frame>
      <class>java.net.Socket</class>
      <method>&lt;init&gt;</method>
      <line>241</line>
    </frame>
    <frame>
      <class>net.wimpi.modbus.net.TCPMasterConnection</class>
      <method>connect</method>
      <line>65</line>
    </frame>
    <frame>
      <class>com.isolux.dao.modbus.DAOJamod</class>
      <method>testConnection</method>
      <line>375</line>
    </frame>
    <frame>
      <class>com.isolux.view.Inicio</class>
      <method>conectar</method>
      <line>302</line>
    </frame>
    <frame>
      <class>com.isolux.view.Inicio</class>
      <method>access$400</method>
      <line>29</line>
    </frame>
    <frame>
      <class>com.isolux.view.Inicio$Conectar</class>
      <method>doInBackground</method>
      <line>350</line>
    </frame>
    <frame>
      <class>com.isolux.view.Inicio$Conectar</class>
      <method>doInBackground</method>
      <line>346</line>
    </frame>
    <frame>
      <class>javax.swing.SwingWorker$1</class>
      <method>call</method>
      <line>296</line>
    </frame>
    <frame>
      <class>java.util.concurrent.FutureTask$Sync</class>
      <method>innerRun</method>
      <line>334</line>
    </frame>
    <frame>
      <class>java.util.concurrent.FutureTask</class>
      <method>run</method>
      <line>166</line>
    </frame>
    <frame>
      <class>javax.swing.SwingWorker</class>
      <method>run</method>
      <line>335</line>
    </frame>
    <frame>
      <class>java.util.concurrent.ThreadPoolExecutor</class>
      <method>runWorker</method>
      <line>1110</line>
    </frame>
    <frame>
      <class>java.util.concurrent.ThreadPoolExecutor$Worker</class>
      <method>run</method>
      <line>603</line>
    </frame>
    <frame>
      <class>java.lang.Thread</class>
      <method>run</method>
      <line>722</line>
    </frame>
  </exception>
</record>
</log>
<?xml version="1.0" encoding="UTF-8" standalone="no"?>
<!DOCTYPE log SYSTEM "logger.dtd">
<log>
<record>
  <date>2012-12-26T17:49:40</date>
  <millis>1356562180269</millis>
  <sequence>0</sequence>
  <logger>com.isolux.dao.modbus.DAOJamod</logger>
  <level>SEVERE</level>
  <class>com.isolux.dao.modbus.DAOJamod</class>
  <method>testConnection</method>
  <thread>19</thread>
  <message>No se pudo conectar</message>
  <exception>
    <message>java.net.ConnectException: Connection refused: connect</message>
    <frame>
      <class>java.net.DualStackPlainSocketImpl</class>
      <method>connect0</method>
    </frame>
    <frame>
      <class>java.net.DualStackPlainSocketImpl</class>
      <method>socketConnect</method>
      <line>69</line>
    </frame>
    <frame>
      <class>java.net.AbstractPlainSocketImpl</class>
      <method>doConnect</method>
      <line>339</line>
    </frame>
    <frame>
      <class>java.net.AbstractPlainSocketImpl</class>
      <method>connectToAddress</method>
      <line>200</line>
    </frame>
    <frame>
      <class>java.net.AbstractPlainSocketImpl</class>
      <method>connect</method>
      <line>182</line>
    </frame>
    <frame>
      <class>java.net.PlainSocketImpl</class>
      <method>connect</method>
      <line>157</line>
    </frame>
    <frame>
      <class>java.net.SocksSocketImpl</class>
      <method>connect</method>
      <line>391</line>
    </frame>
    <frame>
      <class>java.net.Socket</class>
      <method>connect</method>
      <line>579</line>
    </frame>
    <frame>
      <class>java.net.Socket</class>
      <method>connect</method>
      <line>528</line>
    </frame>
    <frame>
      <class>java.net.Socket</class>
      <method>&lt;init&gt;</method>
      <line>425</line>
    </frame>
    <frame>
      <class>java.net.Socket</class>
      <method>&lt;init&gt;</method>
      <line>241</line>
    </frame>
    <frame>
      <class>net.wimpi.modbus.net.TCPMasterConnection</class>
      <method>connect</method>
      <line>65</line>
    </frame>
    <frame>
      <class>com.isolux.dao.modbus.DAOJamod</class>
      <method>testConnection</method>
      <line>375</line>
    </frame>
    <frame>
      <class>com.isolux.view.Inicio</class>
      <method>conectar</method>
      <line>302</line>
    </frame>
    <frame>
      <class>com.isolux.view.Inicio</class>
      <method>access$400</method>
      <line>29</line>
    </frame>
    <frame>
      <class>com.isolux.view.Inicio$Conectar</class>
      <method>doInBackground</method>
      <line>350</line>
    </frame>
    <frame>
      <class>com.isolux.view.Inicio$Conectar</class>
      <method>doInBackground</method>
      <line>346</line>
    </frame>
    <frame>
      <class>javax.swing.SwingWorker$1</class>
      <method>call</method>
      <line>296</line>
    </frame>
    <frame>
      <class>java.util.concurrent.FutureTask$Sync</class>
      <method>innerRun</method>
      <line>334</line>
    </frame>
    <frame>
      <class>java.util.concurrent.FutureTask</class>
      <method>run</method>
      <line>166</line>
    </frame>
    <frame>
      <class>javax.swing.SwingWorker</class>
      <method>run</method>
      <line>335</line>
    </frame>
    <frame>
      <class>java.util.concurrent.ThreadPoolExecutor</class>
      <method>runWorker</method>
      <line>1110</line>
    </frame>
    <frame>
      <class>java.util.concurrent.ThreadPoolExecutor$Worker</class>
      <method>run</method>
      <line>603</line>
    </frame>
    <frame>
      <class>java.lang.Thread</class>
      <method>run</method>
      <line>722</line>
    </frame>
  </exception>
</record>
<?xml version="1.0" encoding="UTF-8" standalone="no"?>
<!DOCTYPE log SYSTEM "logger.dtd">
<log>
<record>
  <date>2012-12-26T18:00:07</date>
  <millis>1356562807520</millis>
  <sequence>0</sequence>
  <logger>com.isolux.dao.modbus.DAOJamod</logger>
  <level>SEVERE</level>
  <class>com.isolux.dao.modbus.DAOJamod</class>
  <method>testConnection</method>
  <thread>19</thread>
  <message>No se pudo conectar</message>
  <exception>
    <message>java.net.ConnectException: Connection refused: connect</message>
    <frame>
      <class>java.net.DualStackPlainSocketImpl</class>
      <method>connect0</method>
    </frame>
    <frame>
      <class>java.net.DualStackPlainSocketImpl</class>
      <method>socketConnect</method>
      <line>69</line>
    </frame>
    <frame>
      <class>java.net.AbstractPlainSocketImpl</class>
      <method>doConnect</method>
      <line>339</line>
    </frame>
    <frame>
      <class>java.net.AbstractPlainSocketImpl</class>
      <method>connectToAddress</method>
      <line>200</line>
    </frame>
    <frame>
      <class>java.net.AbstractPlainSocketImpl</class>
      <method>connect</method>
      <line>182</line>
    </frame>
    <frame>
      <class>java.net.PlainSocketImpl</class>
      <method>connect</method>
      <line>157</line>
    </frame>
    <frame>
      <class>java.net.SocksSocketImpl</class>
      <method>connect</method>
      <line>391</line>
    </frame>
    <frame>
      <class>java.net.Socket</class>
      <method>connect</method>
      <line>579</line>
    </frame>
    <frame>
      <class>java.net.Socket</class>
      <method>connect</method>
      <line>528</line>
    </frame>
    <frame>
      <class>java.net.Socket</class>
      <method>&lt;init&gt;</method>
      <line>425</line>
    </frame>
    <frame>
      <class>java.net.Socket</class>
      <method>&lt;init&gt;</method>
      <line>241</line>
    </frame>
    <frame>
      <class>net.wimpi.modbus.net.TCPMasterConnection</class>
      <method>connect</method>
      <line>65</line>
    </frame>
    <frame>
      <class>com.isolux.dao.modbus.DAOJamod</class>
      <method>testConnection</method>
      <line>375</line>
    </frame>
    <frame>
      <class>com.isolux.view.Inicio</class>
      <method>conectar</method>
      <line>302</line>
    </frame>
    <frame>
      <class>com.isolux.view.Inicio</class>
      <method>access$400</method>
      <line>29</line>
    </frame>
    <frame>
      <class>com.isolux.view.Inicio$Conectar</class>
      <method>doInBackground</method>
      <line>350</line>
    </frame>
    <frame>
      <class>com.isolux.view.Inicio$Conectar</class>
      <method>doInBackground</method>
      <line>346</line>
    </frame>
    <frame>
      <class>javax.swing.SwingWorker$1</class>
      <method>call</method>
      <line>296</line>
    </frame>
    <frame>
      <class>java.util.concurrent.FutureTask$Sync</class>
      <method>innerRun</method>
      <line>334</line>
    </frame>
    <frame>
      <class>java.util.concurrent.FutureTask</class>
      <method>run</method>
      <line>166</line>
    </frame>
    <frame>
      <class>javax.swing.SwingWorker</class>
      <method>run</method>
      <line>335</line>
    </frame>
    <frame>
      <class>java.util.concurrent.ThreadPoolExecutor</class>
      <method>runWorker</method>
      <line>1110</line>
    </frame>
    <frame>
      <class>java.util.concurrent.ThreadPoolExecutor$Worker</class>
      <method>run</method>
      <line>603</line>
    </frame>
    <frame>
      <class>java.lang.Thread</class>
      <method>run</method>
      <line>722</line>
    </frame>
  </exception>
</record>
</log>
<?xml version="1.0" encoding="UTF-8" standalone="no"?>
<!DOCTYPE log SYSTEM "logger.dtd">
<log>
<record>
  <date>2012-12-26T18:01:12</date>
  <millis>1356562872408</millis>
  <sequence>0</sequence>
  <logger>com.isolux.dao.modbus.DAOJamod</logger>
  <level>SEVERE</level>
  <class>com.isolux.dao.modbus.DAOJamod</class>
  <method>testConnection</method>
  <thread>19</thread>
  <message>No se pudo conectar</message>
  <exception>
    <message>java.net.ConnectException: Connection refused: connect</message>
    <frame>
      <class>java.net.DualStackPlainSocketImpl</class>
      <method>connect0</method>
    </frame>
    <frame>
      <class>java.net.DualStackPlainSocketImpl</class>
      <method>socketConnect</method>
      <line>69</line>
    </frame>
    <frame>
      <class>java.net.AbstractPlainSocketImpl</class>
      <method>doConnect</method>
      <line>339</line>
    </frame>
    <frame>
      <class>java.net.AbstractPlainSocketImpl</class>
      <method>connectToAddress</method>
      <line>200</line>
    </frame>
    <frame>
      <class>java.net.AbstractPlainSocketImpl</class>
      <method>connect</method>
      <line>182</line>
    </frame>
    <frame>
      <class>java.net.PlainSocketImpl</class>
      <method>connect</method>
      <line>157</line>
    </frame>
    <frame>
      <class>java.net.SocksSocketImpl</class>
      <method>connect</method>
      <line>391</line>
    </frame>
    <frame>
      <class>java.net.Socket</class>
      <method>connect</method>
      <line>579</line>
    </frame>
    <frame>
      <class>java.net.Socket</class>
      <method>connect</method>
      <line>528</line>
    </frame>
    <frame>
      <class>java.net.Socket</class>
      <method>&lt;init&gt;</method>
      <line>425</line>
    </frame>
    <frame>
      <class>java.net.Socket</class>
      <method>&lt;init&gt;</method>
      <line>241</line>
    </frame>
    <frame>
      <class>net.wimpi.modbus.net.TCPMasterConnection</class>
      <method>connect</method>
      <line>65</line>
    </frame>
    <frame>
      <class>com.isolux.dao.modbus.DAOJamod</class>
      <method>testConnection</method>
      <line>375</line>
    </frame>
    <frame>
      <class>com.isolux.view.Inicio</class>
      <method>conectar</method>
      <line>302</line>
    </frame>
    <frame>
      <class>com.isolux.view.Inicio</class>
      <method>access$400</method>
      <line>29</line>
    </frame>
    <frame>
      <class>com.isolux.view.Inicio$Conectar</class>
      <method>doInBackground</method>
      <line>350</line>
    </frame>
    <frame>
      <class>com.isolux.view.Inicio$Conectar</class>
      <method>doInBackground</method>
      <line>346</line>
    </frame>
    <frame>
      <class>javax.swing.SwingWorker$1</class>
      <method>call</method>
      <line>296</line>
    </frame>
    <frame>
      <class>java.util.concurrent.FutureTask$Sync</class>
      <method>innerRun</method>
      <line>334</line>
    </frame>
    <frame>
      <class>java.util.concurrent.FutureTask</class>
      <method>run</method>
      <line>166</line>
    </frame>
    <frame>
      <class>javax.swing.SwingWorker</class>
      <method>run</method>
      <line>335</line>
    </frame>
    <frame>
      <class>java.util.concurrent.ThreadPoolExecutor</class>
      <method>runWorker</method>
      <line>1110</line>
    </frame>
    <frame>
      <class>java.util.concurrent.ThreadPoolExecutor$Worker</class>
      <method>run</method>
      <line>603</line>
    </frame>
    <frame>
      <class>java.lang.Thread</class>
      <method>run</method>
      <line>722</line>
    </frame>
  </exception>
</record>
</log>
<?xml version="1.0" encoding="UTF-8" standalone="no"?>
<!DOCTYPE log SYSTEM "logger.dtd">
<log>
<record>
  <date>2012-12-26T18:07:59</date>
  <millis>1356563279651</millis>
  <sequence>0</sequence>
  <logger>com.isolux.dao.modbus.DAOJamod</logger>
  <level>SEVERE</level>
  <class>com.isolux.dao.modbus.DAOJamod</class>
  <method>testConnection</method>
  <thread>19</thread>
  <message>No se pudo conectar</message>
  <exception>
    <message>java.net.ConnectException: Connection refused: connect</message>
    <frame>
      <class>java.net.DualStackPlainSocketImpl</class>
      <method>connect0</method>
    </frame>
    <frame>
      <class>java.net.DualStackPlainSocketImpl</class>
      <method>socketConnect</method>
      <line>69</line>
    </frame>
    <frame>
      <class>java.net.AbstractPlainSocketImpl</class>
      <method>doConnect</method>
      <line>339</line>
    </frame>
    <frame>
      <class>java.net.AbstractPlainSocketImpl</class>
      <method>connectToAddress</method>
      <line>200</line>
    </frame>
    <frame>
      <class>java.net.AbstractPlainSocketImpl</class>
      <method>connect</method>
      <line>182</line>
    </frame>
    <frame>
      <class>java.net.PlainSocketImpl</class>
      <method>connect</method>
      <line>157</line>
    </frame>
    <frame>
      <class>java.net.SocksSocketImpl</class>
      <method>connect</method>
      <line>391</line>
    </frame>
    <frame>
      <class>java.net.Socket</class>
      <method>connect</method>
      <line>579</line>
    </frame>
    <frame>
      <class>java.net.Socket</class>
      <method>connect</method>
      <line>528</line>
    </frame>
    <frame>
      <class>java.net.Socket</class>
      <method>&lt;init&gt;</method>
      <line>425</line>
    </frame>
    <frame>
      <class>java.net.Socket</class>
      <method>&lt;init&gt;</method>
      <line>241</line>
    </frame>
    <frame>
      <class>net.wimpi.modbus.net.TCPMasterConnection</class>
      <method>connect</method>
      <line>65</line>
    </frame>
    <frame>
      <class>com.isolux.dao.modbus.DAOJamod</class>
      <method>testConnection</method>
      <line>375</line>
    </frame>
    <frame>
      <class>com.isolux.view.Inicio</class>
      <method>conectar</method>
      <line>302</line>
    </frame>
    <frame>
      <class>com.isolux.view.Inicio</class>
      <method>access$400</method>
      <line>29</line>
    </frame>
    <frame>
      <class>com.isolux.view.Inicio$Conectar</class>
      <method>doInBackground</method>
      <line>350</line>
    </frame>
    <frame>
      <class>com.isolux.view.Inicio$Conectar</class>
      <method>doInBackground</method>
      <line>346</line>
    </frame>
    <frame>
      <class>javax.swing.SwingWorker$1</class>
      <method>call</method>
      <line>296</line>
    </frame>
    <frame>
      <class>java.util.concurrent.FutureTask$Sync</class>
      <method>innerRun</method>
      <line>334</line>
    </frame>
    <frame>
      <class>java.util.concurrent.FutureTask</class>
      <method>run</method>
      <line>166</line>
    </frame>
    <frame>
      <class>javax.swing.SwingWorker</class>
      <method>run</method>
      <line>335</line>
    </frame>
    <frame>
      <class>java.util.concurrent.ThreadPoolExecutor</class>
      <method>runWorker</method>
      <line>1110</line>
    </frame>
    <frame>
      <class>java.util.concurrent.ThreadPoolExecutor$Worker</class>
      <method>run</method>
      <line>603</line>
    </frame>
    <frame>
      <class>java.lang.Thread</class>
      <method>run</method>
      <line>722</line>
    </frame>
  </exception>
</record>
</log>
<?xml version="1.0" encoding="UTF-8" standalone="no"?>
<!DOCTYPE log SYSTEM "logger.dtd">
<log>
<record>
  <date>2012-12-26T18:13:43</date>
  <millis>1356563623829</millis>
  <sequence>0</sequence>
  <logger>com.isolux.dao.modbus.DAOJamod</logger>
  <level>SEVERE</level>
  <class>com.isolux.dao.modbus.DAOJamod</class>
  <method>testConnection</method>
  <thread>19</thread>
  <message>No se pudo conectar</message>
  <exception>
    <message>java.net.ConnectException: Connection timed out: connect</message>
    <frame>
      <class>java.net.DualStackPlainSocketImpl</class>
      <method>connect0</method>
    </frame>
    <frame>
      <class>java.net.DualStackPlainSocketImpl</class>
      <method>socketConnect</method>
      <line>69</line>
    </frame>
    <frame>
      <class>java.net.AbstractPlainSocketImpl</class>
      <method>doConnect</method>
      <line>339</line>
    </frame>
    <frame>
      <class>java.net.AbstractPlainSocketImpl</class>
      <method>connectToAddress</method>
      <line>200</line>
    </frame>
    <frame>
      <class>java.net.AbstractPlainSocketImpl</class>
      <method>connect</method>
      <line>182</line>
    </frame>
    <frame>
      <class>java.net.PlainSocketImpl</class>
      <method>connect</method>
      <line>157</line>
    </frame>
    <frame>
      <class>java.net.SocksSocketImpl</class>
      <method>connect</method>
      <line>391</line>
    </frame>
    <frame>
      <class>java.net.Socket</class>
      <method>connect</method>
      <line>579</line>
    </frame>
    <frame>
      <class>java.net.Socket</class>
      <method>connect</method>
      <line>528</line>
    </frame>
    <frame>
      <class>java.net.Socket</class>
      <method>&lt;init&gt;</method>
      <line>425</line>
    </frame>
    <frame>
      <class>java.net.Socket</class>
      <method>&lt;init&gt;</method>
      <line>241</line>
    </frame>
    <frame>
      <class>net.wimpi.modbus.net.TCPMasterConnection</class>
      <method>connect</method>
      <line>65</line>
    </frame>
    <frame>
      <class>com.isolux.dao.modbus.DAOJamod</class>
      <method>testConnection</method>
      <line>375</line>
    </frame>
    <frame>
      <class>com.isolux.view.Inicio</class>
      <method>conectar</method>
      <line>302</line>
    </frame>
    <frame>
      <class>com.isolux.view.Inicio</class>
      <method>access$400</method>
      <line>29</line>
    </frame>
    <frame>
      <class>com.isolux.view.Inicio$Conectar</class>
      <method>doInBackground</method>
      <line>350</line>
    </frame>
    <frame>
      <class>com.isolux.view.Inicio$Conectar</class>
      <method>doInBackground</method>
      <line>346</line>
    </frame>
    <frame>
      <class>javax.swing.SwingWorker$1</class>
      <method>call</method>
      <line>296</line>
    </frame>
    <frame>
      <class>java.util.concurrent.FutureTask$Sync</class>
      <method>innerRun</method>
      <line>334</line>
    </frame>
    <frame>
      <class>java.util.concurrent.FutureTask</class>
      <method>run</method>
      <line>166</line>
    </frame>
    <frame>
      <class>javax.swing.SwingWorker</class>
      <method>run</method>
      <line>335</line>
    </frame>
    <frame>
      <class>java.util.concurrent.ThreadPoolExecutor</class>
      <method>runWorker</method>
      <line>1110</line>
    </frame>
    <frame>
      <class>java.util.concurrent.ThreadPoolExecutor$Worker</class>
      <method>run</method>
      <line>603</line>
    </frame>
    <frame>
      <class>java.lang.Thread</class>
      <method>run</method>
      <line>722</line>
    </frame>
  </exception>
</record>
</log>
<?xml version="1.0" encoding="UTF-8" standalone="no"?>
<!DOCTYPE log SYSTEM "logger.dtd">
<log>
<record>
  <date>2012-12-26T18:14:17</date>
  <millis>1356563657803</millis>
  <sequence>0</sequence>
  <logger>com.isolux.dao.modbus.DAOJamod</logger>
  <level>SEVERE</level>
  <class>com.isolux.dao.modbus.DAOJamod</class>
  <method>testConnection</method>
  <thread>19</thread>
  <message>No se pudo conectar</message>
  <exception>
    <message>java.net.ConnectException: Connection refused: connect</message>
    <frame>
      <class>java.net.DualStackPlainSocketImpl</class>
      <method>connect0</method>
    </frame>
    <frame>
      <class>java.net.DualStackPlainSocketImpl</class>
      <method>socketConnect</method>
      <line>69</line>
    </frame>
    <frame>
      <class>java.net.AbstractPlainSocketImpl</class>
      <method>doConnect</method>
      <line>339</line>
    </frame>
    <frame>
      <class>java.net.AbstractPlainSocketImpl</class>
      <method>connectToAddress</method>
      <line>200</line>
    </frame>
    <frame>
      <class>java.net.AbstractPlainSocketImpl</class>
      <method>connect</method>
      <line>182</line>
    </frame>
    <frame>
      <class>java.net.PlainSocketImpl</class>
      <method>connect</method>
      <line>157</line>
    </frame>
    <frame>
      <class>java.net.SocksSocketImpl</class>
      <method>connect</method>
      <line>391</line>
    </frame>
    <frame>
      <class>java.net.Socket</class>
      <method>connect</method>
      <line>579</line>
    </frame>
    <frame>
      <class>java.net.Socket</class>
      <method>connect</method>
      <line>528</line>
    </frame>
    <frame>
      <class>java.net.Socket</class>
      <method>&lt;init&gt;</method>
      <line>425</line>
    </frame>
    <frame>
      <class>java.net.Socket</class>
      <method>&lt;init&gt;</method>
      <line>241</line>
    </frame>
    <frame>
      <class>net.wimpi.modbus.net.TCPMasterConnection</class>
      <method>connect</method>
      <line>65</line>
    </frame>
    <frame>
      <class>com.isolux.dao.modbus.DAOJamod</class>
      <method>testConnection</method>
      <line>375</line>
    </frame>
    <frame>
      <class>com.isolux.view.Inicio</class>
      <method>conectar</method>
      <line>302</line>
    </frame>
    <frame>
      <class>com.isolux.view.Inicio</class>
      <method>access$400</method>
      <line>29</line>
    </frame>
    <frame>
      <class>com.isolux.view.Inicio$Conectar</class>
      <method>doInBackground</method>
      <line>350</line>
    </frame>
    <frame>
      <class>com.isolux.view.Inicio$Conectar</class>
      <method>doInBackground</method>
      <line>346</line>
    </frame>
    <frame>
      <class>javax.swing.SwingWorker$1</class>
      <method>call</method>
      <line>296</line>
    </frame>
    <frame>
      <class>java.util.concurrent.FutureTask$Sync</class>
      <method>innerRun</method>
      <line>334</line>
    </frame>
    <frame>
      <class>java.util.concurrent.FutureTask</class>
      <method>run</method>
      <line>166</line>
    </frame>
    <frame>
      <class>javax.swing.SwingWorker</class>
      <method>run</method>
      <line>335</line>
    </frame>
    <frame>
      <class>java.util.concurrent.ThreadPoolExecutor</class>
      <method>runWorker</method>
      <line>1110</line>
    </frame>
    <frame>
      <class>java.util.concurrent.ThreadPoolExecutor$Worker</class>
      <method>run</method>
      <line>603</line>
    </frame>
    <frame>
      <class>java.lang.Thread</class>
      <method>run</method>
      <line>722</line>
    </frame>
  </exception>
</record>
</log>
<?xml version="1.0" encoding="UTF-8" standalone="no"?>
<!DOCTYPE log SYSTEM "logger.dtd">
<log>
<record>
  <date>2012-12-26T18:14:47</date>
  <millis>1356563687471</millis>
  <sequence>0</sequence>
  <logger>com.isolux.dao.modbus.DAOJamod</logger>
  <level>SEVERE</level>
  <class>com.isolux.dao.modbus.DAOJamod</class>
  <method>testConnection</method>
  <thread>19</thread>
  <message>No se pudo conectar</message>
  <exception>
    <message>java.net.ConnectException: Connection refused: connect</message>
    <frame>
      <class>java.net.DualStackPlainSocketImpl</class>
      <method>connect0</method>
    </frame>
    <frame>
      <class>java.net.DualStackPlainSocketImpl</class>
      <method>socketConnect</method>
      <line>69</line>
    </frame>
    <frame>
      <class>java.net.AbstractPlainSocketImpl</class>
      <method>doConnect</method>
      <line>339</line>
    </frame>
    <frame>
      <class>java.net.AbstractPlainSocketImpl</class>
      <method>connectToAddress</method>
      <line>200</line>
    </frame>
    <frame>
      <class>java.net.AbstractPlainSocketImpl</class>
      <method>connect</method>
      <line>182</line>
    </frame>
    <frame>
      <class>java.net.PlainSocketImpl</class>
      <method>connect</method>
      <line>157</line>
    </frame>
    <frame>
      <class>java.net.SocksSocketImpl</class>
      <method>connect</method>
      <line>391</line>
    </frame>
    <frame>
      <class>java.net.Socket</class>
      <method>connect</method>
      <line>579</line>
    </frame>
    <frame>
      <class>java.net.Socket</class>
      <method>connect</method>
      <line>528</line>
    </frame>
    <frame>
      <class>java.net.Socket</class>
      <method>&lt;init&gt;</method>
      <line>425</line>
    </frame>
    <frame>
      <class>java.net.Socket</class>
      <method>&lt;init&gt;</method>
      <line>241</line>
    </frame>
    <frame>
      <class>net.wimpi.modbus.net.TCPMasterConnection</class>
      <method>connect</method>
      <line>65</line>
    </frame>
    <frame>
      <class>com.isolux.dao.modbus.DAOJamod</class>
      <method>testConnection</method>
      <line>375</line>
    </frame>
    <frame>
      <class>com.isolux.view.Inicio</class>
      <method>conectar</method>
      <line>302</line>
    </frame>
    <frame>
      <class>com.isolux.view.Inicio</class>
      <method>access$400</method>
      <line>29</line>
    </frame>
    <frame>
      <class>com.isolux.view.Inicio$Conectar</class>
      <method>doInBackground</method>
      <line>350</line>
    </frame>
    <frame>
      <class>com.isolux.view.Inicio$Conectar</class>
      <method>doInBackground</method>
      <line>346</line>
    </frame>
    <frame>
      <class>javax.swing.SwingWorker$1</class>
      <method>call</method>
      <line>296</line>
    </frame>
    <frame>
      <class>java.util.concurrent.FutureTask$Sync</class>
      <method>innerRun</method>
      <line>334</line>
    </frame>
    <frame>
      <class>java.util.concurrent.FutureTask</class>
      <method>run</method>
      <line>166</line>
    </frame>
    <frame>
      <class>javax.swing.SwingWorker</class>
      <method>run</method>
      <line>335</line>
    </frame>
    <frame>
      <class>java.util.concurrent.ThreadPoolExecutor</class>
      <method>runWorker</method>
      <line>1110</line>
    </frame>
    <frame>
      <class>java.util.concurrent.ThreadPoolExecutor$Worker</class>
      <method>run</method>
      <line>603</line>
    </frame>
    <frame>
      <class>java.lang.Thread</class>
      <method>run</method>
      <line>722</line>
    </frame>
  </exception>
</record>
</log>
<?xml version="1.0" encoding="UTF-8" standalone="no"?>
<!DOCTYPE log SYSTEM "logger.dtd">
<log>
<record>
  <date>2012-12-26T18:23:08</date>
  <millis>1356564188340</millis>
  <sequence>0</sequence>
  <logger>com.isolux.dao.modbus.DAOJamod</logger>
  <level>SEVERE</level>
  <class>com.isolux.dao.modbus.DAOJamod</class>
  <method>testConnection</method>
  <thread>19</thread>
  <message>No se pudo conectar</message>
  <exception>
    <message>java.net.ConnectException: Connection refused: connect</message>
    <frame>
      <class>java.net.DualStackPlainSocketImpl</class>
      <method>connect0</method>
    </frame>
    <frame>
      <class>java.net.DualStackPlainSocketImpl</class>
      <method>socketConnect</method>
      <line>69</line>
    </frame>
    <frame>
      <class>java.net.AbstractPlainSocketImpl</class>
      <method>doConnect</method>
      <line>339</line>
    </frame>
    <frame>
      <class>java.net.AbstractPlainSocketImpl</class>
      <method>connectToAddress</method>
      <line>200</line>
    </frame>
    <frame>
      <class>java.net.AbstractPlainSocketImpl</class>
      <method>connect</method>
      <line>182</line>
    </frame>
    <frame>
      <class>java.net.PlainSocketImpl</class>
      <method>connect</method>
      <line>157</line>
    </frame>
    <frame>
      <class>java.net.SocksSocketImpl</class>
      <method>connect</method>
      <line>391</line>
    </frame>
    <frame>
      <class>java.net.Socket</class>
      <method>connect</method>
      <line>579</line>
    </frame>
    <frame>
      <class>java.net.Socket</class>
      <method>connect</method>
      <line>528</line>
    </frame>
    <frame>
      <class>java.net.Socket</class>
      <method>&lt;init&gt;</method>
      <line>425</line>
    </frame>
    <frame>
      <class>java.net.Socket</class>
      <method>&lt;init&gt;</method>
      <line>241</line>
    </frame>
    <frame>
      <class>net.wimpi.modbus.net.TCPMasterConnection</class>
      <method>connect</method>
      <line>65</line>
    </frame>
    <frame>
      <class>com.isolux.dao.modbus.DAOJamod</class>
      <method>testConnection</method>
      <line>375</line>
    </frame>
    <frame>
      <class>com.isolux.view.Inicio</class>
      <method>conectar</method>
      <line>302</line>
    </frame>
    <frame>
      <class>com.isolux.view.Inicio</class>
      <method>access$400</method>
      <line>29</line>
    </frame>
    <frame>
      <class>com.isolux.view.Inicio$Conectar</class>
      <method>doInBackground</method>
      <line>350</line>
    </frame>
    <frame>
      <class>com.isolux.view.Inicio$Conectar</class>
      <method>doInBackground</method>
      <line>346</line>
    </frame>
    <frame>
      <class>javax.swing.SwingWorker$1</class>
      <method>call</method>
      <line>296</line>
    </frame>
    <frame>
      <class>java.util.concurrent.FutureTask$Sync</class>
      <method>innerRun</method>
      <line>334</line>
    </frame>
    <frame>
      <class>java.util.concurrent.FutureTask</class>
      <method>run</method>
      <line>166</line>
    </frame>
    <frame>
      <class>javax.swing.SwingWorker</class>
      <method>run</method>
      <line>335</line>
    </frame>
    <frame>
      <class>java.util.concurrent.ThreadPoolExecutor</class>
      <method>runWorker</method>
      <line>1110</line>
    </frame>
    <frame>
      <class>java.util.concurrent.ThreadPoolExecutor$Worker</class>
      <method>run</method>
      <line>603</line>
    </frame>
    <frame>
      <class>java.lang.Thread</class>
      <method>run</method>
      <line>722</line>
    </frame>
  </exception>
</record>
</log>
